<?xml version='1.0' encoding='UTF-8'?>
<testsuites>
  <testsuite name="Test Suite" device="emulator-5554" tests="4" failures="0" time="95">
    <testcase id="Verify user is able to perform division" name="Verify user is able to perform division" classname="Verify user is able to perform division" time="28" status="SUCCESS"/>
    <testcase id="Verify user is able to perform subtraction" name="Verify user is able to perform subtraction" classname="Verify user is able to perform subtraction" time="21" status="SUCCESS"/>
    <testcase id="Verify user is able to perform addition" name="Verify user is able to perform addition" classname="Verify user is able to perform addition" time="22" status="SUCCESS"/>
    <testcase id="Verify user is able to perform multiplication" name="Verify user is able to perform multiplication" classname="Verify user is able to perform multiplication" time="24" status="SUCCESS"/>
  </testsuite>
</testsuites>
